WARNING: EXTCODE CODE AREA DO NOT CONTAIN RELOCATED ADDRESSES.
THIS WILL BE REMEDIED IN A LATER RELEASE.
                        .module assign53.C
                        .area memory(abs)
                        .org 0x3f8c
 3F8C            _interrupt_vectors::
 3F8C  F8CF              .word 63695
 3F8E  F8CF              .word 63695
 3F90  F8CF              .word 63695
 3F92  F8CF              .word 63695
 3F94  F8CF              .word 63695
 3F96  F8CF              .word 63695
 3F98  F8CF              .word 63695
 3F9A  F8CF              .word 63695
 3F9C  F8CF              .word 63695
 3F9E  F8CF              .word 63695
 3FA0  F8CF              .word 63695
 3FA2  F8CF              .word 63695
 3FA4  F8CF              .word 63695
 3FA6  F8CF              .word 63695
 3FA8  F8CF              .word 63695
 3FAA  F8CF              .word 63695
 3FAC  F8CF              .word 63695
 3FAE  F8CF              .word 63695
 3FB0  F8CF              .word 63695
 3FB2  F8CF              .word 63695
 3FB4  F8CF              .word 63695
 3FB6  F8CF              .word 63695
 3FB8  F8CF              .word 63695
 3FBA  F8CF              .word 63695
 3FBC  F8CF              .word 63695
 3FBE  F8CF              .word 63695
 3FC0  F8CF              .word 63695
 3FC2  F8CF              .word 63695
 3FC4  F8CF              .word 63695
 3FC6  F8CF              .word 63695
 3FC8  F8CF              .word 63695
 3FCA  F8CF              .word 63695
 3FCC  F8CF              .word 63695
 3FCE  F8CF              .word 63695
 3FD0  F8CF              .word 63695
 3FD2  407D              .word _tempINT
 3FD4  F8CF              .word 63695
 3FD6  F8CF              .word 63695
 3FD8  F8CF              .word 63695
 3FDA  F8CF              .word 63695
 3FDC  F8CF              .word 63695
 3FDE  F8CF              .word 63695
 3FE0  F8CF              .word 63695
 3FE2  F8CF              .word 63695
 3FE4  F8CF              .word 63695
 3FE6  F8CF              .word 63695
 3FE8  F8CF              .word 63695
 3FEA  F8CF              .word 63695
 3FEC  F8CF              .word 63695
 3FEE  F8CF              .word 63695
 3FF0  F8CF              .word 63695
 3FF2  F8CF              .word 63695
 3FF4  F8C7              .word 63687
 3FF6  F8C3              .word 63683
 3FF8  F8CB              .word 63691
 3FFA  F805              .word 63493
 3FFC  F809              .word 63497
 3FFE  4000              .word __start
 4000                    .dbfile M:\Sysc 2003\Assignment 5/vectors_dp256_NoICE2.c
 4000                    .dbsym e interrupt_vectors _interrupt_vectors A[116:58]pfV
                        .area data
--- 0000                   .dbfile M:\Sysc 2003\Assignment 5/vectors_dp256_NoICE2.c
 1000            _ready::
 1000                    .blkb 2
                        .area idata
--- 0000 0001              .word 1
                        .area data
--- 0002                   .dbfile M:\Sysc 2003\Assignment 5/vectors_dp256_NoICE2.c
--- 0002                   .dbfile assign53.C
--- 0002                   .dbsym e ready _ready I
                        .area text
--- 0000                   .dbfile assign53.C
--- 0000                   .dbfunc e main _main fV
 402A            _main::
 402A  34                pshx
 402B  B775              tfr s,x
 402D  1B9E              leas -2,sp
 402F                    .dbline -1
 402F                    .dbline 12
 402F            ; #include "hcs12dp256.h"
 402F            ; #include <stdio.h>
 402F            ; #include "vectors_dp256_NoICE2.c"
 402F            ; 
 402F            ; #pragma interrupt_handler tempINT()
 402F            ; void tempINT(void);
 402F            ; 
 402F            ; int temper;
 402F            ; int ready=1;
 402F            ; 
 402F            ; void main(void)
 402F            ; {
 402F                    .dbline 13
 402F            ; SPI1CR1=0;
 402F  7900F0            clr 0xf0
 4032                    .dbline 14
 4032            ; DDRM=0x80;
 4032  C680              ldab #128
 4034  7B0252            stab 0x252
 4037                    .dbline 15
 4037            ; ATD0CTL2=0xFA;
 4037  C6FA              ldab #250
 4039  7B0082            stab 0x82
 403C                    .dbline 16
 403C            ; ATD0CTL3=0x00;
 403C  790083            clr 0x83
 403F                    .dbline 17
 403F            ; ATD0CTL4=0x60;
 403F  C660              ldab #96
 4041  7B0084            stab 0x84
 4044                    .dbline 18
 4044            ; ATD0CTL5=0x86;
 4044  C686              ldab #134
 4046  7B0085            stab 0x85
 4049                    .dbline 19
 4049            ; asm("cli");
 4049  10EF                      cli
 404B            
 404B  202A              bra L5
 404D            L4:
 404D                    .dbline 21
 404D            ; while (1==1)
 404D            ; {
 404D                    .dbline 23
 404D            ; 
 404D            ; if (temper<=100 && ready==1)
 404D  FC1002            ldd _temper
 4050  8C0064            cpd #100
 4053  2E0E              bgt L7
 4055  FC1000            ldd _ready
 4058  8C0001            cpd #1
 405B  2606              bne L7
 405D                    .dbline 24
 405D            ; {
 405D                    .dbline 25
 405D            ; PTM|=0x80;
 405D  1C025080          bset 0x250,#128
 4061                    .dbline 26
 4061            ; }
 4061  2009              bra L8
 4063            L7:
 4063                    .dbline 28
 4063            ; else
 4063            ; {
 4063                    .dbline 29
 4063            ; ready=0;
 4063  CC0000            ldd #0
 4066  7C1000            std _ready
 4069                    .dbline 30
 4069            ; PTM=0x00;
 4069  790250            clr 0x250
 406C                    .dbline 31
 406C            ; }
 406C            L8:
 406C                    .dbline 32
 406C  1801801002        movw _temper,0,sp
 4071  CC40C1            ldd #L9
 4074  16451C            jsr _printf
 4077                    .dbline 33
 4077            L5:
 4077                    .dbline 20
 4077  20D4              bra L4
 4079            X0:
 4079                    .dbline -2
 4079                    .dbline 35
 4079            ; printf("Temp= %d \n",temper);
 4079            ; }
 4079            ; 
 4079            ; }
 4079            L3:
 4079  B757              tfr x,s
 407B  30                pulx
 407C                    .dbline 0 ; func end
 407C  3D                rts
 407D                    .dbend
 407D                    .dbfunc e tempINT _tempINT fV
 407D            ;              i -> -4,x
 407D            ;          tempT -> -2,x
 407D            _tempINT::
 407D  34                pshx
 407E  B775              tfr s,x
 4080  1B9A              leas -6,sp
 4082                    .dbline -1
 4082                    .dbline 38
 4082            ; 
 4082            ; void tempINT(void)
 4082            ; {
 4082                    .dbline 41
 4082            ; int tempT;
 4082            ; int i;
 4082            ; tempT=ATD0DR6H<<8;
 4082                    ; vol
 4082  F6009C            ldab 0x9c
 4085  87                clra
 4086  180F              tba
 4088  C7                clrb
 4089  6C1E              std -2,x
 408B                    .dbline 42
 408B            ; tempT&=0x03FF;
 408B  EC1E              ldd -2,x
 408D  8403              anda #3
 408F  C4FF              andb #255
 4091  6C1E              std -2,x
 4093                    .dbline 43
 4093            ; tempT+=ATD0DR6L;
 4093                    ; vol
 4093  F6009D            ldab 0x9d
 4096  87                clra
 4097  6C1A              std -6,x
 4099  EC1E              ldd -2,x
 409B  E31A              addd -6,x
 409D  6C1E              std -2,x
 409F                    .dbline 44
 409F            ; tempT=tempT/8;
 409F  EC1E              ldd -2,x
 40A1  CD0008            ldy #8
 40A4  B7D6              exg x,y
 40A6  1815              idivs
 40A8  B7D6              exg x,y
 40AA  6D1E              sty -2,x
 40AC                    .dbline 45
 40AC            ; tempT=tempT-5;
 40AC  EC1E              ldd -2,x
 40AE  830005            subd #5
 40B1  6C1E              std -2,x
 40B3                    .dbline 46
 40B3            ; temper=tempT;
 40B3  18051E1002        movw -2,x,_temper
 40B8                    .dbline 47
 40B8            ; ATD0CTL5=0x86;
 40B8  C686              ldab #134
 40BA  7B0085            stab 0x85
 40BD                    .dbline -2
 40BD                    .dbline 48
 40BD            ; }
 40BD            L10:
 40BD  B757              tfr x,s
 40BF  30                pulx
 40C0                    .dbline 0 ; func end
 40C0  0B                rti
 40C1                    .dbsym l i -4 I
 40C1                    .dbsym l tempT -2 I
 40C1                    .dbend
                        .area bss
--- 0000                   .dbfile assign53.C
 1002            _temper::
 1002                    .blkb 2
 1004                    .dbsym e temper _temper I
                        .area text
--- 0097                   .dbfile assign53.C
--- 0097           L9:
--- 0097 54656D703D202564200A00    .byte 'T,'e,'m,'p,61,32,37,'d,32,10,0
